2025-02-20T18:46:22.775-03:00  INFO 17596 --- [evcharging-api] [main] o.e.e.EvchargingApiApplication           : Starting EvchargingApiApplication using Java 21.0.1 with PID 17596 (D:\projetos java\evcharging-api\target\classes started by augus in D:\projetos java\evcharging-api)
2025-02-20T18:46:22.780-03:00  INFO 17596 --- [evcharging-api] [main] o.e.e.EvchargingApiApplication           : No active profile set, falling back to 1 default profile: "default"
2025-02-20T18:46:30.096-03:00  WARN 17596 --- [evcharging-api] [main] JpaBaseConfiguration$JpaWebConfiguration : spring.jpa.open-in-view is enabled by default. Therefore, database queries may be performed during view rendering. Explicitly configure spring.jpa.open-in-view to disable this warning
2025-02-20T18:46:32.122-03:00  WARN 17596 --- [evcharging-api] [main] o.s.s.c.a.web.builders.WebSecurity       : You are asking Spring Security to ignore Deferred [Mvc [pattern='/v2/api-docs/**'], Ant [pattern='/v2/api-docs/**']]. This is not recommended -- please use permitAll via HttpSecurity#authorizeHttpRequests instead.
2025-02-20T18:46:32.123-03:00  WARN 17596 --- [evcharging-api] [main] o.s.s.c.a.web.builders.WebSecurity       : You are asking Spring Security to ignore Deferred [Mvc [pattern='/v3/api-docs/**'], Ant [pattern='/v3/api-docs/**']]. This is not recommended -- please use permitAll via HttpSecurity#authorizeHttpRequests instead.
2025-02-20T18:46:32.123-03:00  WARN 17596 --- [evcharging-api] [main] o.s.s.c.a.web.builders.WebSecurity       : You are asking Spring Security to ignore Deferred [Mvc [pattern='/swagger-resources/**'], Ant [pattern='/swagger-resources/**']]. This is not recommended -- please use permitAll via HttpSecurity#authorizeHttpRequests instead.
2025-02-20T18:46:32.123-03:00  WARN 17596 --- [evcharging-api] [main] o.s.s.c.a.web.builders.WebSecurity       : You are asking Spring Security to ignore Deferred [Mvc [pattern='/swagger-ui.html'], Ant [pattern='/swagger-ui.html']]. This is not recommended -- please use permitAll via HttpSecurity#authorizeHttpRequests instead.
2025-02-20T18:46:32.123-03:00  WARN 17596 --- [evcharging-api] [main] o.s.s.c.a.web.builders.WebSecurity       : You are asking Spring Security to ignore Deferred [Mvc [pattern='/swagger-ui/**'], Ant [pattern='/swagger-ui/**']]. This is not recommended -- please use permitAll via HttpSecurity#authorizeHttpRequests instead.
2025-02-20T18:46:32.123-03:00  WARN 17596 --- [evcharging-api] [main] o.s.s.c.a.web.builders.WebSecurity       : You are asking Spring Security to ignore Deferred [Mvc [pattern='/webjars/**'], Ant [pattern='/webjars/**']]. This is not recommended -- please use permitAll via HttpSecurity#authorizeHttpRequests instead.
2025-02-20T18:46:32.987-03:00  INFO 17596 --- [evcharging-api] [main] o.e.e.EvchargingApiApplication           : Started EvchargingApiApplication in 10.922 seconds (process running for 13.359)
2025-02-20T18:57:34.266-03:00  INFO 21216 --- [evcharging-api] [main] o.e.e.EvchargingApiApplication           : Starting EvchargingApiApplication using Java 21.0.1 with PID 21216 (D:\projetos java\evcharging-api\target\classes started by augus in D:\projetos java\evcharging-api)
2025-02-20T18:57:34.268-03:00  INFO 21216 --- [evcharging-api] [main] o.e.e.EvchargingApiApplication           : No active profile set, falling back to 1 default profile: "default"
2025-02-20T18:57:43.933-03:00  WARN 21216 --- [evcharging-api] [main] JpaBaseConfiguration$JpaWebConfiguration : spring.jpa.open-in-view is enabled by default. Therefore, database queries may be performed during view rendering. Explicitly configure spring.jpa.open-in-view to disable this warning
2025-02-20T18:57:46.150-03:00  WARN 21216 --- [evcharging-api] [main] o.s.s.c.a.web.builders.WebSecurity       : You are asking Spring Security to ignore Deferred [Mvc [pattern='/v2/api-docs/**'], Ant [pattern='/v2/api-docs/**']]. This is not recommended -- please use permitAll via HttpSecurity#authorizeHttpRequests instead.
2025-02-20T18:57:46.151-03:00  WARN 21216 --- [evcharging-api] [main] o.s.s.c.a.web.builders.WebSecurity       : You are asking Spring Security to ignore Deferred [Mvc [pattern='/v3/api-docs/**'], Ant [pattern='/v3/api-docs/**']]. This is not recommended -- please use permitAll via HttpSecurity#authorizeHttpRequests instead.
2025-02-20T18:57:46.151-03:00  WARN 21216 --- [evcharging-api] [main] o.s.s.c.a.web.builders.WebSecurity       : You are asking Spring Security to ignore Deferred [Mvc [pattern='/swagger-resources/**'], Ant [pattern='/swagger-resources/**']]. This is not recommended -- please use permitAll via HttpSecurity#authorizeHttpRequests instead.
2025-02-20T18:57:46.152-03:00  WARN 21216 --- [evcharging-api] [main] o.s.s.c.a.web.builders.WebSecurity       : You are asking Spring Security to ignore Deferred [Mvc [pattern='/swagger-ui.html'], Ant [pattern='/swagger-ui.html']]. This is not recommended -- please use permitAll via HttpSecurity#authorizeHttpRequests instead.
2025-02-20T18:57:46.152-03:00  WARN 21216 --- [evcharging-api] [main] o.s.s.c.a.web.builders.WebSecurity       : You are asking Spring Security to ignore Deferred [Mvc [pattern='/swagger-ui/**'], Ant [pattern='/swagger-ui/**']]. This is not recommended -- please use permitAll via HttpSecurity#authorizeHttpRequests instead.
2025-02-20T18:57:46.153-03:00  WARN 21216 --- [evcharging-api] [main] o.s.s.c.a.web.builders.WebSecurity       : You are asking Spring Security to ignore Deferred [Mvc [pattern='/webjars/**'], Ant [pattern='/webjars/**']]. This is not recommended -- please use permitAll via HttpSecurity#authorizeHttpRequests instead.
2025-02-20T18:57:47.181-03:00  INFO 21216 --- [evcharging-api] [main] o.e.e.EvchargingApiApplication           : Started EvchargingApiApplication in 13.799 seconds (process running for 15.605)
2025-02-20T19:53:01.729-03:00  INFO 14232 --- [evcharging-api] [main] o.e.e.EvchargingApiApplication           : Starting EvchargingApiApplication using Java 21.0.1 with PID 14232 (D:\projetos java\evcharging-api\target\classes started by augus in D:\projetos java\evcharging-api)
2025-02-20T19:53:01.731-03:00  INFO 14232 --- [evcharging-api] [main] o.e.e.EvchargingApiApplication           : No active profile set, falling back to 1 default profile: "default"
2025-02-20T19:53:08.521-03:00  WARN 14232 --- [evcharging-api] [main] JpaBaseConfiguration$JpaWebConfiguration : spring.jpa.open-in-view is enabled by default. Therefore, database queries may be performed during view rendering. Explicitly configure spring.jpa.open-in-view to disable this warning
2025-02-20T19:53:10.986-03:00  WARN 14232 --- [evcharging-api] [main] o.s.s.c.a.web.builders.WebSecurity       : You are asking Spring Security to ignore Deferred [Mvc [pattern='/v2/api-docs/**'], Ant [pattern='/v2/api-docs/**']]. This is not recommended -- please use permitAll via HttpSecurity#authorizeHttpRequests instead.
2025-02-20T19:53:10.987-03:00  WARN 14232 --- [evcharging-api] [main] o.s.s.c.a.web.builders.WebSecurity       : You are asking Spring Security to ignore Deferred [Mvc [pattern='/v3/api-docs/**'], Ant [pattern='/v3/api-docs/**']]. This is not recommended -- please use permitAll via HttpSecurity#authorizeHttpRequests instead.
2025-02-20T19:53:10.987-03:00  WARN 14232 --- [evcharging-api] [main] o.s.s.c.a.web.builders.WebSecurity       : You are asking Spring Security to ignore Deferred [Mvc [pattern='/swagger-resources/**'], Ant [pattern='/swagger-resources/**']]. This is not recommended -- please use permitAll via HttpSecurity#authorizeHttpRequests instead.
2025-02-20T19:53:10.988-03:00  WARN 14232 --- [evcharging-api] [main] o.s.s.c.a.web.builders.WebSecurity       : You are asking Spring Security to ignore Deferred [Mvc [pattern='/swagger-ui.html'], Ant [pattern='/swagger-ui.html']]. This is not recommended -- please use permitAll via HttpSecurity#authorizeHttpRequests instead.
2025-02-20T19:53:10.988-03:00  WARN 14232 --- [evcharging-api] [main] o.s.s.c.a.web.builders.WebSecurity       : You are asking Spring Security to ignore Deferred [Mvc [pattern='/swagger-ui/**'], Ant [pattern='/swagger-ui/**']]. This is not recommended -- please use permitAll via HttpSecurity#authorizeHttpRequests instead.
2025-02-20T19:53:10.988-03:00  WARN 14232 --- [evcharging-api] [main] o.s.s.c.a.web.builders.WebSecurity       : You are asking Spring Security to ignore Deferred [Mvc [pattern='/webjars/**'], Ant [pattern='/webjars/**']]. This is not recommended -- please use permitAll via HttpSecurity#authorizeHttpRequests instead.
2025-02-20T19:53:12.009-03:00  INFO 14232 --- [evcharging-api] [main] o.e.e.EvchargingApiApplication           : Started EvchargingApiApplication in 10.844 seconds (process running for 11.609)
2025-02-20T19:53:12.503-03:00 ERROR 14232 --- [evcharging-api] [main] o.s.boot.SpringApplication               : Application run failed

java.lang.NullPointerException: Cannot invoke "org.example.evchargingapi.model.AuthClient.getClientSecret()" because "client" is null
	at org.example.evchargingapi.service.AuthClientService.save(AuthClientService.java:27) ~[classes/:na]
	at org.example.evchargingapi.config.FillingTablesConfiguration.run(FillingTablesConfiguration.java:31) ~[classes/:na]
	at org.springframework.boot.SpringApplication.lambda$callRunner$5(SpringApplication.java:788) ~[spring-boot-3.4.2.jar:3.4.2]
	at org.springframework.util.function.ThrowingConsumer$1.acceptWithException(ThrowingConsumer.java:82) ~[spring-core-6.2.2.jar:6.2.2]
	at org.springframework.util.function.ThrowingConsumer.accept(ThrowingConsumer.java:60) ~[spring-core-6.2.2.jar:6.2.2]
	at org.springframework.util.function.ThrowingConsumer$1.accept(ThrowingConsumer.java:86) ~[spring-core-6.2.2.jar:6.2.2]
	at org.springframework.boot.SpringApplication.callRunner(SpringApplication.java:796) ~[spring-boot-3.4.2.jar:3.4.2]
	at org.springframework.boot.SpringApplication.callRunner(SpringApplication.java:787) ~[spring-boot-3.4.2.jar:3.4.2]
	at org.springframework.boot.SpringApplication.lambda$callRunners$3(SpringApplication.java:772) ~[spring-boot-3.4.2.jar:3.4.2]
	at java.base/java.util.stream.ForEachOps$ForEachOp$OfRef.accept(ForEachOps.java:184) ~[na:na]
	at java.base/java.util.stream.SortedOps$SizedRefSortingSink.end(SortedOps.java:357) ~[na:na]
	at java.base/java.util.stream.AbstractPipeline.copyInto(AbstractPipeline.java:510) ~[na:na]
	at java.base/java.util.stream.AbstractPipeline.wrapAndCopyInto(AbstractPipeline.java:499) ~[na:na]
	at java.base/java.util.stream.ForEachOps$ForEachOp.evaluateSequential(ForEachOps.java:151) ~[na:na]
	at java.base/java.util.stream.ForEachOps$ForEachOp$OfRef.evaluateSequential(ForEachOps.java:174) ~[na:na]
	at java.base/java.util.stream.AbstractPipeline.evaluate(AbstractPipeline.java:234) ~[na:na]
	at java.base/java.util.stream.ReferencePipeline.forEach(ReferencePipeline.java:596) ~[na:na]
	at org.springframework.boot.SpringApplication.callRunners(SpringApplication.java:772) ~[spring-boot-3.4.2.jar:3.4.2]
	at org.springframework.boot.SpringApplication.run(SpringApplication.java:325) ~[spring-boot-3.4.2.jar:3.4.2]
	at org.springframework.boot.SpringApplication.run(SpringApplication.java:1361) ~[spring-boot-3.4.2.jar:3.4.2]
	at org.springframework.boot.SpringApplication.run(SpringApplication.java:1350) ~[spring-boot-3.4.2.jar:3.4.2]
	at org.example.evchargingapi.EvchargingApiApplication.main(EvchargingApiApplication.java:10) ~[classes/:na]

2025-02-20T19:54:51.856-03:00  INFO 12664 --- [evcharging-api] [main] o.e.e.EvchargingApiApplication           : Starting EvchargingApiApplication using Java 21.0.1 with PID 12664 (D:\projetos java\evcharging-api\target\classes started by augus in D:\projetos java\evcharging-api)
2025-02-20T19:54:51.858-03:00  INFO 12664 --- [evcharging-api] [main] o.e.e.EvchargingApiApplication           : No active profile set, falling back to 1 default profile: "default"
2025-02-20T19:54:57.208-03:00  WARN 12664 --- [evcharging-api] [main] JpaBaseConfiguration$JpaWebConfiguration : spring.jpa.open-in-view is enabled by default. Therefore, database queries may be performed during view rendering. Explicitly configure spring.jpa.open-in-view to disable this warning
2025-02-20T19:54:59.246-03:00  WARN 12664 --- [evcharging-api] [main] o.s.s.c.a.web.builders.WebSecurity       : You are asking Spring Security to ignore Deferred [Mvc [pattern='/v2/api-docs/**'], Ant [pattern='/v2/api-docs/**']]. This is not recommended -- please use permitAll via HttpSecurity#authorizeHttpRequests instead.
2025-02-20T19:54:59.247-03:00  WARN 12664 --- [evcharging-api] [main] o.s.s.c.a.web.builders.WebSecurity       : You are asking Spring Security to ignore Deferred [Mvc [pattern='/v3/api-docs/**'], Ant [pattern='/v3/api-docs/**']]. This is not recommended -- please use permitAll via HttpSecurity#authorizeHttpRequests instead.
2025-02-20T19:54:59.247-03:00  WARN 12664 --- [evcharging-api] [main] o.s.s.c.a.web.builders.WebSecurity       : You are asking Spring Security to ignore Deferred [Mvc [pattern='/swagger-resources/**'], Ant [pattern='/swagger-resources/**']]. This is not recommended -- please use permitAll via HttpSecurity#authorizeHttpRequests instead.
2025-02-20T19:54:59.247-03:00  WARN 12664 --- [evcharging-api] [main] o.s.s.c.a.web.builders.WebSecurity       : You are asking Spring Security to ignore Deferred [Mvc [pattern='/swagger-ui.html'], Ant [pattern='/swagger-ui.html']]. This is not recommended -- please use permitAll via HttpSecurity#authorizeHttpRequests instead.
2025-02-20T19:54:59.247-03:00  WARN 12664 --- [evcharging-api] [main] o.s.s.c.a.web.builders.WebSecurity       : You are asking Spring Security to ignore Deferred [Mvc [pattern='/swagger-ui/**'], Ant [pattern='/swagger-ui/**']]. This is not recommended -- please use permitAll via HttpSecurity#authorizeHttpRequests instead.
2025-02-20T19:54:59.247-03:00  WARN 12664 --- [evcharging-api] [main] o.s.s.c.a.web.builders.WebSecurity       : You are asking Spring Security to ignore Deferred [Mvc [pattern='/webjars/**'], Ant [pattern='/webjars/**']]. This is not recommended -- please use permitAll via HttpSecurity#authorizeHttpRequests instead.
2025-02-20T19:55:00.041-03:00  INFO 12664 --- [evcharging-api] [main] o.e.e.EvchargingApiApplication           : Started EvchargingApiApplication in 8.678 seconds (process running for 9.341)
